<?xml version="1.0" encoding="UTF-8"?>
<!-- Generated by org.testng.reporters.JUnitReportReporter -->
<testsuite name="com.qmetry.qaf.automation.step.client.Scenario" tests="1" time="110.038" ignored="0" failures="0" timestamp="04 May 2018 09:03:14 GMT" skipped="0" hostname="ICPL12782" errors="0">
  <testcase name="BusBooking" time="110.038" classname="com.qmetry.qaf.automation.step.client.Scenario"/>
</testsuite> <!-- com.qmetry.qaf.automation.step.client.Scenario -->
