<?xml version="1.0" encoding="UTF-8"?>
<!-- Generated by org.testng.reporters.JUnitReportReporter -->
<testsuite name="com.qmetry.qaf.automation.step.client.Scenario" tests="1" time="2.895" ignored="0" failures="0" timestamp="02 May 2018 11:40:41 GMT" skipped="1" hostname="ICPL12782" errors="0">
  <testcase name="BusBooking" time="2.895" classname="com.qmetry.qaf.automation.step.client.Scenario">
    <skipped/>
  </testcase> <!-- BusBooking -->
</testsuite> <!-- com.qmetry.qaf.automation.step.client.Scenario -->
